2022-04-04 22:12:40 [main] INFO  c.sysco.cdm.server.ServerApplication - logStartupProfileInfo - No active profile set, falling back to default profiles: default
2022-04-04 22:12:40 [main] WARN  o.s.boot.actuate.endpoint.EndpointId - logWarning - Endpoint ID 'service-registry' contains invalid characters, please migrate to a valid format.
2022-04-04 22:12:41 [main] INFO  o.s.cloud.context.scope.GenericScope - setSerializationId - BeanFactory id=e25cdafd-16dd-3069-b473-a3160aa400c8
2022-04-04 22:12:41 [main] INFO  o.s.c.s.PostProcessorRegistrationDelegate$BeanPostProcessorChecker - postProcessAfterInitialization - Bean 'org.springframework.cloud.autoconfigure.ConfigurationPropertiesRebinderAutoConfiguration' of type [org.springframework.cloud.autoconfigure.ConfigurationPropertiesRebinderAutoConfiguration$$EnhancerBySpringCGLIB$$a49fba73] is not eligible for getting processed by all BeanPostProcessors (for example: not eligible for auto-proxying)
2022-04-04 22:12:41 [main] INFO  o.s.b.w.e.tomcat.TomcatWebServer - initialize - Tomcat initialized with port(s): 8761 (http)
2022-04-04 22:12:41 [main] INFO  o.a.catalina.core.StandardService - log - Starting service [Tomcat]
2022-04-04 22:12:41 [main] INFO  o.a.catalina.core.StandardEngine - log - Starting Servlet engine: [Apache Tomcat/9.0.24]
2022-04-04 22:12:41 [main] INFO  o.a.c.c.C.[Tomcat].[localhost].[/] - log - Initializing Spring embedded WebApplicationContext
2022-04-04 22:12:41 [main] INFO  o.s.web.context.ContextLoader - prepareWebApplicationContext - Root WebApplicationContext: initialization completed in 1309 ms
2022-04-04 22:12:41 [main] WARN  c.n.c.sources.URLConfigurationSource - <init> - No URLs will be polled as dynamic configuration sources.
2022-04-04 22:12:41 [main] INFO  c.n.c.sources.URLConfigurationSource - <init> - To enable URLs as dynamic configuration sources, define System property archaius.configurationSource.additionalUrls or make config.properties available on classpath.
2022-04-04 22:12:41 [main] INFO  c.n.config.DynamicPropertyFactory - getInstance - DynamicPropertyFactory is initialized with configuration sources: com.netflix.config.ConcurrentCompositeConfiguration@40fa8766
2022-04-04 22:12:43 [main] INFO  o.s.cloud.commons.util.InetUtils - convertAddress - Cannot determine local hostname
2022-04-04 22:12:43 [main] INFO  c.s.j.s.i.a.WebApplicationImpl - _initiate - Initiating Jersey application, version 'Jersey: 1.19.1 03/11/2016 02:08 PM'
2022-04-04 22:12:44 [main] WARN  o.s.c.n.a.ArchaiusAutoConfiguration - configureArchaius - No spring.application.name found, defaulting to 'application'
2022-04-04 22:12:44 [main] WARN  c.n.c.sources.URLConfigurationSource - <init> - No URLs will be polled as dynamic configuration sources.
2022-04-04 22:12:44 [main] INFO  c.n.c.sources.URLConfigurationSource - <init> - To enable URLs as dynamic configuration sources, define System property archaius.configurationSource.additionalUrls or make config.properties available on classpath.
2022-04-04 22:12:44 [main] INFO  o.s.s.c.ThreadPoolTaskExecutor - initialize - Initializing ExecutorService 'applicationTaskExecutor'
2022-04-04 22:12:45 [main] INFO  o.s.c.n.eureka.InstanceInfoFactory - create - Setting initial instance status as: STARTING
2022-04-04 22:12:45 [main] INFO  o.s.b.a.e.web.EndpointLinksResolver - <init> - Exposing 2 endpoint(s) beneath base path '/actuator'
2022-04-04 22:12:45 [main] INFO  o.s.c.n.e.s.EurekaServiceRegistry - register - Registering application UNKNOWN with eureka with status UP
2022-04-04 22:12:45 [Thread-25] INFO  o.s.c.n.e.s.EurekaServerBootstrap - initEurekaEnvironment - Setting the eureka configuration..
2022-04-04 22:12:45 [Thread-25] INFO  o.s.c.n.e.s.EurekaServerBootstrap - initEurekaEnvironment - Eureka data center value eureka.datacenter is not set, defaulting to default
2022-04-04 22:12:45 [Thread-25] INFO  o.s.c.n.e.s.EurekaServerBootstrap - initEurekaEnvironment - Eureka environment value eureka.environment is not set, defaulting to test
2022-04-04 22:12:45 [Thread-25] INFO  o.s.c.n.e.s.EurekaServerBootstrap - isAws - isAws returned false
2022-04-04 22:12:45 [Thread-25] INFO  o.s.c.n.e.s.EurekaServerBootstrap - initEurekaServerContext - Initialized server context
2022-04-04 22:12:45 [main] INFO  o.s.b.w.e.tomcat.TomcatWebServer - start - Tomcat started on port(s): 8761 (http) with context path ''
2022-04-04 22:12:45 [main] INFO  o.s.c.n.e.s.EurekaAutoServiceRegistration - onApplicationEvent - Updating port to 8761
2022-04-04 22:12:46 [main] INFO  c.sysco.cdm.server.ServerApplication - logStarted - Started ServerApplication in 8.946 seconds (JVM running for 9.934)
2022-04-04 22:12:46 [main] INFO  c.sysco.cdm.server.ServerApplication - main - Server application has started
2022-04-04 22:12:46 [RMI TCP Connection(5)-127.0.0.1] INFO  o.a.c.c.C.[Tomcat].[localhost].[/] - log - Initializing Spring DispatcherServlet 'dispatcherServlet'
2022-04-04 22:12:46 [RMI TCP Connection(5)-127.0.0.1] INFO  o.s.web.servlet.DispatcherServlet - initServletBean - Initializing Servlet 'dispatcherServlet'
2022-04-04 22:12:46 [RMI TCP Connection(5)-127.0.0.1] INFO  o.s.web.servlet.DispatcherServlet - initServletBean - Completed initialization in 16 ms
2022-04-04 22:13:45 [Thread-25] INFO  o.s.c.n.e.s.EurekaServerInitializerConfiguration - run - Started Eureka Server
